E:\codes\GreeHouse\greeHouse\greeHouse\Debug\cl.command.1.tlog
E:\codes\GreeHouse\greeHouse\greeHouse\Debug\CL.read.1.tlog
E:\codes\GreeHouse\greeHouse\greeHouse\Debug\CL.write.1.tlog
E:\codes\GreeHouse\greeHouse\greeHouse\Debug\custombuild.command.1.tlog
E:\codes\GreeHouse\greeHouse\greeHouse\Debug\custombuild.read.1.tlog
E:\codes\GreeHouse\greeHouse\greeHouse\Debug\custombuild.write.1.tlog
E:\CODES\GREEHOUSE\GREEHOUSE\GREEHOUSE\DEBUG\GREEHOUSE.EXE.INTERMEDIATE.MANIFEST
E:\CODES\GREEHOUSE\GREEHOUSE\GREEHOUSE\DEBUG\GREEHOUSE.RES
E:\codes\GreeHouse\greeHouse\greeHouse\Debug\link.command.1.tlog
E:\codes\GreeHouse\greeHouse\greeHouse\Debug\link.read.1.tlog
E:\codes\GreeHouse\greeHouse\greeHouse\Debug\link.write.1.tlog
E:\codes\GreeHouse\greeHouse\greeHouse\Debug\link-cvtres.read.1.tlog
E:\codes\GreeHouse\greeHouse\greeHouse\Debug\link-cvtres.write.1.tlog
E:\CODES\GREEHOUSE\GREEHOUSE\GREEHOUSE\DEBUG\LOGIN.OBJ
E:\CODES\GREEHOUSE\GREEHOUSE\GREEHOUSE\DEBUG\MAIN.OBJ
E:\CODES\GREEHOUSE\GREEHOUSE\GREEHOUSE\DEBUG\MAINWINDOW.OBJ
E:\CODES\GREEHOUSE\GREEHOUSE\GREEHOUSE\DEBUG\MOC_LOGIN.OBJ
E:\codes\GreeHouse\greeHouse\greeHouse\Debug\mt.command.1.tlog
E:\codes\GreeHouse\greeHouse\greeHouse\Debug\mt.read.1.tlog
E:\codes\GreeHouse\greeHouse\greeHouse\Debug\mt.write.1.tlog
E:\CODES\GREEHOUSE\GREEHOUSE\GREEHOUSE\DEBUG\QRC_GREEHOUSE.OBJ
E:\codes\GreeHouse\greeHouse\greeHouse\Debug\rc.command.1.tlog
E:\codes\GreeHouse\greeHouse\greeHouse\Debug\rc.read.1.tlog
E:\codes\GreeHouse\greeHouse\greeHouse\Debug\rc.write.1.tlog
E:\CODES\GREEHOUSE\GREEHOUSE\GREEHOUSE\DEBUG\VC100.PDB
E:\CODES\GREEHOUSE\GREEHOUSE\GREEHOUSE\GENERATEDFILES\DEBUG\MOC_LOGIN.CPP
E:\CODES\GREEHOUSE\GREEHOUSE\GREEHOUSE\GENERATEDFILES\QRC_GREEHOUSE.CPP
E:\CODES\GREEHOUSE\GREEHOUSE\WIN32\DEBUG\GREEHOUSE.EXE
E:\CODES\GREEHOUSE\GREEHOUSE\WIN32\DEBUG\GREEHOUSE.ILK
E:\CODES\GREEHOUSE\GREEHOUSE\WIN32\DEBUG\GREEHOUSE.PDB
